# JRE version: OpenJDK Runtime Environment Temurin-21.0.3+9 (21.0.3+9) (build 21.0.3+9-LTS)
# Java VM: OpenJDK 64-Bit Server VM Temurin-21.0.3+9 (21.0.3+9-LTS, mixed mode, emulated-client, tiered, compressed oops, compressed class ptrs, g1 gc, windows-amd64)
GC Precious Log:
 CardTable entry size: 512
 Card Set container configuration: InlinePtr #cards 4 size 8 Array Of Cards #cards 16 size 48 Howl #buckets 8 coarsen threshold 3686 Howl Bitmap #cards 512 size 80 coarsen threshold 460 Card regions per heap region 1 cards per card region 4096
 CPUs: 12 total, 12 available
 Memory: 16068M
 Large Page Support: Disabled
 NUMA Support: Disabled
 Compressed Oops: Enabled (Zero based)
 Heap Region Size: 2M
 Heap Min Capacity: 8M
 Heap Initial Capacity: 252M
 Heap Max Capacity: 4018M
 Pre-touch: Disabled
 Parallel Workers: 10
 Concurrent Workers: 3
 Concurrent Refinement Workers: 10
 Periodic GC: Disabled
Heap:
 garbage-first heap   total 90112K, used 62691K [0x0000000704e00000, 0x0000000800000000)
  region size 2048K, 24 young (49152K), 3 survivors (6144K)
 Metaspace       used 68564K, committed 69184K, reserved 1114112K
  class space    used 8945K, committed 9216K, reserved 1048576K
GC Heap History (20 events):
Event: 1.744 GC heap before
{Heap before GC invocations=5 (full 0):
 garbage-first heap   total 53248K, used 36932K [0x0000000704e00000, 0x0000000800000000)
  region size 2048K, 15 young (30720K), 2 survivors (4096K)
 Metaspace       used 27086K, committed 27456K, reserved 1114112K
  class space    used 3025K, committed 3200K, reserved 1048576K
}
Event: 1.748 GC heap after
{Heap after GC invocations=6 (full 0):
 garbage-first heap   total 53248K, used 10662K [0x0000000704e00000, 0x0000000800000000)
  region size 2048K, 2 young (4096K), 2 survivors (4096K)
 Metaspace       used 27086K, committed 27456K, reserved 1114112K
  class space    used 3025K, committed 3200K, reserved 1048576K
}
Event: 1.845 GC heap before
{Heap before GC invocations=6 (full 0):
 garbage-first heap   total 53248K, used 35238K [0x0000000704e00000, 0x0000000800000000)
  region size 2048K, 15 young (30720K), 2 survivors (4096K)
 Metaspace       used 29514K, committed 29888K, reserved 1114112K
  class space    used 3343K, committed 3520K, reserved 1048576K
}
Event: 1.849 GC heap after
{Heap after GC invocations=7 (full 0):
 garbage-first heap   total 155648K, used 11304K [0x0000000704e00000, 0x0000000800000000)
  region size 2048K, 2 young (4096K), 2 survivors (4096K)
 Metaspace       used 29514K, committed 29888K, reserved 1114112K
  class space    used 3343K, committed 3520K, reserved 1048576K
}
Event: 2.605 GC heap before
{Heap before GC invocations=7 (full 0):
 garbage-first heap   total 155648K, used 95272K [0x0000000704e00000, 0x0000000800000000)
  region size 2048K, 45 young (92160K), 2 survivors (4096K)
 Metaspace       used 35537K, committed 35968K, reserved 1114112K
  class space    used 4200K, committed 4416K, reserved 1048576K
}
Event: 2.614 GC heap after
{Heap after GC invocations=8 (full 0):
 garbage-first heap   total 155648K, used 14912K [0x0000000704e00000, 0x0000000800000000)
  region size 2048K, 3 young (6144K), 3 survivors (6144K)
 Metaspace       used 35537K, committed 35968K, reserved 1114112K
  class space    used 4200K, committed 4416K, reserved 1048576K
}
Event: 3.101 GC heap before
{Heap before GC invocations=9 (full 0):
 garbage-first heap   total 61440K, used 59968K [0x0000000704e00000, 0x0000000800000000)
  region size 2048K, 25 young (51200K), 3 survivors (6144K)
 Metaspace       used 39365K, committed 39872K, reserved 1114112K
  class space    used 4776K, committed 4992K, reserved 1048576K
}
Event: 3.114 GC heap after
{Heap after GC invocations=10 (full 0):
 garbage-first heap   total 71680K, used 17923K [0x0000000704e00000, 0x0000000800000000)
  region size 2048K, 5 young (10240K), 5 survivors (10240K)
 Metaspace       used 39365K, committed 39872K, reserved 1114112K
  class space    used 4776K, committed 4992K, reserved 1048576K
}
Event: 3.450 GC heap before
{Heap before GC invocations=10 (full 0):
 garbage-first heap   total 71680K, used 50691K [0x0000000704e00000, 0x0000000800000000)
  region size 2048K, 21 young (43008K), 5 survivors (10240K)
 Metaspace       used 42190K, committed 42752K, reserved 1114112K
  class space    used 5135K, committed 5376K, reserved 1048576K
}
Event: 3.459 GC heap after
{Heap after GC invocations=11 (full 0):
 garbage-first heap   total 71680K, used 18537K [0x0000000704e00000, 0x0000000800000000)
  region size 2048K, 2 young (4096K), 2 survivors (4096K)
 Metaspace       used 42190K, committed 42752K, reserved 1114112K
  class space    used 5135K, committed 5376K, reserved 1048576K
}
Event: 3.730 GC heap before
{Heap before GC invocations=11 (full 0):
 garbage-first heap   total 71680K, used 57449K [0x0000000704e00000, 0x0000000800000000)
  region size 2048K, 21 young (43008K), 2 survivors (4096K)
 Metaspace       used 45928K, committed 46464K, reserved 1114112K
  class space    used 5711K, committed 5952K, reserved 1048576K
}
Event: 3.735 GC heap after
{Heap after GC invocations=12 (full 0):
 garbage-first heap   total 90112K, used 19489K [0x0000000704e00000, 0x0000000800000000)
  region size 2048K, 1 young (2048K), 1 survivors (2048K)
 Metaspace       used 45928K, committed 46464K, reserved 1114112K
  class space    used 5711K, committed 5952K, reserved 1048576K
}
Event: 4.230 GC heap before
{Heap before GC invocations=12 (full 0):
 garbage-first heap   total 90112K, used 70689K [0x0000000704e00000, 0x0000000800000000)
  region size 2048K, 26 young (53248K), 1 survivors (2048K)
 Metaspace       used 52083K, committed 52672K, reserved 1114112K
  class space    used 6521K, committed 6784K, reserved 1048576K
}
Event: 4.237 GC heap after
{Heap after GC invocations=13 (full 0):
 garbage-first heap   total 90112K, used 21067K [0x0000000704e00000, 0x0000000800000000)
  region size 2048K, 2 young (4096K), 2 survivors (4096K)
 Metaspace       used 52083K, committed 52672K, reserved 1114112K
  class space    used 6521K, committed 6784K, reserved 1048576K
}
Event: 4.784 GC heap before
{Heap before GC invocations=13 (full 0):
 garbage-first heap   total 90112K, used 70219K [0x0000000704e00000, 0x0000000800000000)
  region size 2048K, 26 young (53248K), 2 survivors (4096K)
 Metaspace       used 58034K, committed 58560K, reserved 1114112K
  class space    used 7322K, committed 7552K, reserved 1048576K
}
Event: 4.789 GC heap after
{Heap after GC invocations=14 (full 0):
 garbage-first heap   total 90112K, used 22381K [0x0000000704e00000, 0x0000000800000000)
  region size 2048K, 3 young (6144K), 3 survivors (6144K)
 Metaspace       used 58034K, committed 58560K, reserved 1114112K
  class space    used 7322K, committed 7552K, reserved 1048576K
}
Event: 4.933 GC heap before
{Heap before GC invocations=14 (full 0):
 garbage-first heap   total 90112K, used 34669K [0x0000000704e00000, 0x0000000800000000)
  region size 2048K, 11 young (22528K), 3 survivors (6144K)
 Metaspace       used 59541K, committed 60096K, reserved 1114112K
  class space    used 7484K, committed 7744K, reserved 1048576K
}
Event: 4.939 GC heap after
{Heap after GC invocations=15 (full 0):
 garbage-first heap   total 90112K, used 23119K [0x0000000704e00000, 0x0000000800000000)
  region size 2048K, 3 young (6144K), 3 survivors (6144K)
 Metaspace       used 59541K, committed 60096K, reserved 1114112K
  class space    used 7484K, committed 7744K, reserved 1048576K
}
Event: 5.341 GC heap before
{Heap before GC invocations=16 (full 0):
 garbage-first heap   total 90112K, used 68175K [0x0000000704e00000, 0x0000000800000000)
  region size 2048K, 26 young (53248K), 3 survivors (6144K)
 Metaspace       used 64652K, committed 65216K, reserved 1114112K
  class space    used 8372K, committed 8640K, reserved 1048576K
}
Event: 5.347 GC heap after
{Heap after GC invocations=17 (full 0):
 garbage-first heap   total 90112K, used 23779K [0x0000000704e00000, 0x0000000800000000)
  region size 2048K, 3 young (6144K), 3 survivors (6144K)
 Metaspace       used 64652K, committed 65216K, reserved 1114112K
  class space    used 8372K, committed 8640K, reserved 1048576K
}

